E:\Environment\Anaconda2\python.exe "C:/Users/zg13/OneDrive/`13 的文档/My Code/Github/minitrill/VideoAuidt/pic_classify_nsfw.py"
train nsfw modle used: 0.100000
beauty (1).jpg NSFW	:	0.50189018	use:	0.160000	sec.
beauty (23).jpg NSFW	:	0.28666681	use:	0.120000	sec.
beauty (24).jpg NSFW	:	0.88925546	use:	0.112000	sec.
beauty (25).jpg NSFW	:	0.19705240	use:	0.096000	sec.
beauty (26).jpg NSFW	:	0.24802949	use:	0.121000	sec.
beauty (27).jpg NSFW	:	0.22335535	use:	0.128000	sec.
beauty (28).jpg NSFW	:	0.81088889	use:	0.131000	sec.
beauty (29).jpg NSFW	:	0.82991856	use:	0.120000	sec.
beauty (30).jpg NSFW	:	0.71369779	use:	0.147000	sec.
beauty (31).jpg NSFW	:	0.42852640	use:	0.145000	sec.
beauty (32).jpg NSFW	:	0.56595874	use:	0.122000	sec.
beauty (33).jpg NSFW	:	0.71258950	use:	0.128000	sec.
beauty (34).jpg NSFW	:	0.44730684	use:	0.129000	sec.
beauty (35).jpg NSFW	:	0.74189472	use:	0.119000	sec.
beauty (36).jpg NSFW	:	0.95202971	use:	0.117000	sec.
beauty (37).jpg NSFW	:	0.62287605	use:	0.115000	sec.
beauty (38).jpg NSFW	:	0.57841533	use:	0.130000	sec.
beauty (39).jpg NSFW	:	0.17029396	use:	0.118000	sec.
beauty (40).jpg NSFW	:	0.43752712	use:	0.122000	sec.
beauty (41).jpg NSFW	:	0.65958941	use:	0.128000	sec.
beauty (42).jpg NSFW	:	0.17878106	use:	0.119000	sec.
beauty (43).jpg NSFW	:	0.46167761	use:	0.123000	sec.
beauty (44).jpg NSFW	:	0.44052818	use:	0.122000	sec.
beauty (45).jpg NSFW	:	0.92600757	use:	0.127000	sec.
beauty (46).jpg NSFW	:	0.31605479	use:	0.127000	sec.
beauty (47).jpg NSFW	:	0.72956675	use:	0.125000	sec.
beauty (48).jpg NSFW	:	0.69163829	use:	0.129000	sec.
beauty (49).jpg NSFW	:	0.61525857	use:	0.135000	sec.
beauty (50).jpg NSFW	:	0.43031481	use:	0.134000	sec.
beauty (51).jpg NSFW	:	0.33629712	use:	0.132000	sec.
beauty (52).jpg NSFW	:	0.73559839	use:	0.133000	sec.
beauty (53).jpg NSFW	:	0.76753014	use:	0.129000	sec.
beauty (54).jpg NSFW	:	0.83790046	use:	0.130000	sec.
beauty (55).jpg NSFW	:	0.68649805	use:	0.132000	sec.
beauty (56).jpg NSFW	:	0.54943633	use:	0.128000	sec.
beauty (57).jpg NSFW	:	0.06100044	use:	0.129000	sec.
beauty (58).jpg NSFW	:	0.53342682	use:	0.125000	sec.
beauty (59).jpg NSFW	:	0.46588802	use:	0.126000	sec.
beauty (60).jpg NSFW	:	0.66951197	use:	0.126000	sec.
beauty (61).jpg NSFW	:	0.16205932	use:	0.131000	sec.
beauty (62).jpg NSFW	:	0.13600266	use:	0.134000	sec.
beauty (63).jpg NSFW	:	0.67597586	use:	0.132000	sec.
beauty (64).jpg NSFW	:	0.55404478	use:	0.121000	sec.
beauty (65).jpg NSFW	:	0.97121823	use:	0.123000	sec.
beauty (66).jpg NSFW	:	0.52897811	use:	0.141000	sec.
beauty (67).jpg NSFW	:	0.65710533	use:	0.144000	sec.
beauty (68).jpg NSFW	:	0.28085822	use:	0.136000	sec.
beauty (69).jpg NSFW	:	0.28951672	use:	0.107000	sec.
beauty (70).jpg NSFW	:	0.11421256	use:	0.151000	sec.
beauty (71).jpg NSFW	:	0.95783031	use:	0.141000	sec.
beauty (72).jpg NSFW	:	0.96429718	use:	0.141000	sec.
beauty (73).jpg NSFW	:	0.22624144	use:	0.119000	sec.
beauty (74).jpg NSFW	:	0.39010695	use:	0.116000	sec.
beauty (75).jpg NSFW	:	0.58876359	use:	0.120000	sec.
beauty (76).jpg NSFW	:	0.58345681	use:	0.146000	sec.
beauty (77).jpg NSFW	:	0.45573682	use:	0.137000	sec.
beauty (78).jpg NSFW	:	0.16199678	use:	0.142000	sec.
beauty (79).jpg NSFW	:	0.39608380	use:	0.108000	sec.
beauty (80).jpg NSFW	:	0.70024395	use:	0.145000	sec.
beauty (81).jpg NSFW	:	0.74146360	use:	0.124000	sec.
beauty (82).jpg NSFW	:	0.80571395	use:	0.119000	sec.
beauty (83).jpg NSFW	:	0.37582296	use:	0.147000	sec.
beauty (84).jpg NSFW	:	0.68431312	use:	0.135000	sec.
beauty (85).jpg NSFW	:	0.68431312	use:	0.137000	sec.
beauty (86).jpg NSFW	:	0.80338234	use:	0.117000	sec.
beauty (87).jpg NSFW	:	0.35590222	use:	0.137000	sec.
beauty (88).jpg NSFW	:	0.39854598	use:	0.148000	sec.
beauty (89).jpg NSFW	:	0.78672260	use:	0.147000	sec.
beauty (90).jpg NSFW	:	0.26317447	use:	0.113000	sec.
beauty (91).jpg NSFW	:	0.37923169	use:	0.154000	sec.
noraml (1).jpeg NSFW	:	0.00008327	use:	0.140000	sec.
noraml (1).jpg NSFW	:	0.00106372	use:	0.123000	sec.
noraml (1).png NSFW	:	0.00038780	use:	0.161000	sec.
noraml (10).jpg NSFW	:	0.00003514	use:	0.129000	sec.
noraml (11).jpg NSFW	:	0.00000275	use:	0.122000	sec.
noraml (12).jpg NSFW	:	0.00003930	use:	0.123000	sec.
noraml (13).jpg NSFW	:	0.00003531	use:	0.119000	sec.
noraml (14).jpg NSFW	:	0.00000003	use:	0.123000	sec.
noraml (15).jpg NSFW	:	0.00000291	use:	0.118000	sec.
noraml (16).jpg NSFW	:	0.00120126	use:	0.123000	sec.
noraml (17).jpg NSFW	:	0.00334317	use:	0.111000	sec.
noraml (18).jpg NSFW	:	0.00024722	use:	0.115000	sec.
noraml (19).jpg NSFW	:	0.00216082	use:	0.105000	sec.
noraml (2).jpg NSFW	:	0.00000314	use:	0.136000	sec.
noraml (20).jpg NSFW	:	0.00165895	use:	0.121000	sec.
noraml (21).jpg NSFW	:	0.00546135	use:	0.123000	sec.
noraml (22).jpg NSFW	:	0.01985626	use:	0.145000	sec.
noraml (23).jpg NSFW	:	0.00359513	use:	0.138000	sec.
noraml (24).jpg NSFW	:	0.00783766	use:	0.126000	sec.
noraml (25).jpg NSFW	:	0.00785363	use:	0.150000	sec.
noraml (26).jpg NSFW	:	0.00312583	use:	0.140000	sec.
noraml (27).jpg NSFW	:	0.01541831	use:	0.134000	sec.
noraml (28).jpg NSFW	:	0.00047811	use:	0.133000	sec.
noraml (29).jpg NSFW	:	0.00004299	use:	0.136000	sec.
noraml (3).jpg NSFW	:	0.00011047	use:	0.124000	sec.
noraml (30).jpg NSFW	:	0.01472731	use:	0.140000	sec.
noraml (31).jpg NSFW	:	0.00550028	use:	0.141000	sec.
noraml (32).jpg NSFW	:	0.00058085	use:	0.136000	sec.
noraml (33).jpg NSFW	:	0.11833455	use:	0.132000	sec.
noraml (34).jpg NSFW	:	0.00059700	use:	0.140000	sec.
noraml (35).jpg NSFW	:	0.00466346	use:	0.139000	sec.
noraml (36).jpg NSFW	:	0.00013161	use:	0.141000	sec.
noraml (37).jpg NSFW	:	0.00247063	use:	0.144000	sec.
noraml (38).jpg NSFW	:	0.00716225	use:	0.131000	sec.
noraml (39).jpg NSFW	:	0.00012693	use:	0.144000	sec.
noraml (4).jpg NSFW	:	0.00000448	use:	0.141000	sec.
noraml (40).jpg NSFW	:	0.00206461	use:	0.153000	sec.
noraml (41).jpg NSFW	:	0.00065281	use:	0.163000	sec.
noraml (42).jpg NSFW	:	0.00105399	use:	0.153000	sec.
noraml (43).jpg NSFW	:	0.00042740	use:	0.153000	sec.
noraml (44).jpg NSFW	:	0.00247113	use:	0.140000	sec.
noraml (45).jpg NSFW	:	0.00359513	use:	0.135000	sec.
noraml (46).jpg NSFW	:	0.00145821	use:	0.137000	sec.
noraml (47).jpg NSFW	:	0.02383931	use:	0.143000	sec.
noraml (48).jpg NSFW	:	0.00176801	use:	0.140000	sec.
noraml (49).jpg NSFW	:	0.00011282	use:	0.150000	sec.
noraml (5).jpg NSFW	:	0.00063317	use:	0.126000	sec.
noraml (50).jpg NSFW	:	0.00000071	use:	0.144000	sec.
noraml (51).jpg NSFW	:	0.00011478	use:	0.142000	sec.
noraml (52).jpg NSFW	:	0.00041171	use:	0.138000	sec.
noraml (53).jpg NSFW	:	0.00031241	use:	0.145000	sec.
noraml (54).jpg NSFW	:	0.00010173	use:	0.142000	sec.
noraml (55).jpg NSFW	:	0.00006583	use:	0.150000	sec.
noraml (56).jpg NSFW	:	0.00011976	use:	0.144000	sec.
noraml (57).jpg NSFW	:	0.00006042	use:	0.140000	sec.
noraml (58).jpg NSFW	:	0.01470215	use:	0.138000	sec.
noraml (59).jpg NSFW	:	0.02593561	use:	0.142000	sec.
noraml (6).jpg NSFW	:	0.00086786	use:	0.129000	sec.
noraml (60).jpg NSFW	:	0.00565476	use:	0.142000	sec.
noraml (61).jpg NSFW	:	0.00008201	use:	0.147000	sec.
noraml (62).jpg NSFW	:	0.00053811	use:	0.136000	sec.
noraml (63).jpg NSFW	:	0.05315749	use:	0.136000	sec.
noraml (64).jpg NSFW	:	0.00010577	use:	0.138000	sec.
noraml (65).jpg NSFW	:	0.00000310	use:	0.147000	sec.
noraml (66).jpg NSFW	:	0.00490982	use:	0.148000	sec.
noraml (67).jpg NSFW	:	0.00237570	use:	0.142000	sec.
noraml (68).jpg NSFW	:	0.00310558	use:	0.147000	sec.
noraml (69).jpg NSFW	:	0.00010654	use:	0.143000	sec.
noraml (7).jpg NSFW	:	0.00011036	use:	0.123000	sec.
noraml (70).jpg NSFW	:	0.00295794	use:	0.135000	sec.
noraml (71).jpg NSFW	:	0.00408179	use:	0.142000	sec.
noraml (72).jpg NSFW	:	0.06094030	use:	0.134000	sec.
noraml (73).jpg NSFW	:	0.00220185	use:	0.138000	sec.
noraml (74).jpg NSFW	:	0.00007047	use:	0.141000	sec.
noraml (75).jpg NSFW	:	0.00517245	use:	0.136000	sec.
noraml (76).jpg NSFW	:	0.02124125	use:	0.135000	sec.
noraml (77).jpg NSFW	:	0.22680579	use:	0.134000	sec.
noraml (78).jpg NSFW	:	0.02971442	use:	0.137000	sec.
noraml (79).jpg NSFW	:	0.00571872	use:	0.120000	sec.
noraml (8).jpg NSFW	:	0.00007234	use:	0.124000	sec.
noraml (9).jpg NSFW	:	0.00000551	use:	0.125000	sec.
nude (1).jpg NSFW	:	0.99092931	use:	0.117000	sec.
nude (10).jpg NSFW	:	0.97281897	use:	0.118000	sec.
nude (11).jpg NSFW	:	0.99621481	use:	0.116000	sec.
nude (12).jpg NSFW	:	0.95360148	use:	0.126000	sec.
nude (13).jpg NSFW	:	0.27813235	use:	0.126000	sec.
nude (14).jpg NSFW	:	0.97742015	use:	0.117000	sec.
nude (15).jpg NSFW	:	0.99865049	use:	0.115000	sec.
nude (16).jpg NSFW	:	0.84096259	use:	0.126000	sec.
nude (17).jpg NSFW	:	0.76539367	use:	0.127000	sec.
nude (18).jpg NSFW	:	0.82759303	use:	0.127000	sec.
nude (19).jpg NSFW	:	0.99940526	use:	0.117000	sec.
nude (2).jpg NSFW	:	0.80992770	use:	0.121000	sec.
nude (20).jpg NSFW	:	0.99940526	use:	0.122000	sec.
nude (21).jpg NSFW	:	0.92707670	use:	0.123000	sec.
nude (22).jpg NSFW	:	0.07825673	use:	0.127000	sec.
nude (23).jpg NSFW	:	0.99661177	use:	0.118000	sec.
nude (24).jpg NSFW	:	0.68833840	use:	0.128000	sec.
nude (25).jpg NSFW	:	0.98992866	use:	0.125000	sec.
nude (26).jpg NSFW	:	0.98908573	use:	0.124000	sec.
nude (27).jpg NSFW	:	0.99615461	use:	0.125000	sec.
nude (28).jpg NSFW	:	0.99969685	use:	0.119000	sec.
nude (29).jpg NSFW	:	0.99866557	use:	0.114000	sec.
nude (3).jpg NSFW	:	0.99384212	use:	0.115000	sec.
nude (30).jpg NSFW	:	0.99865615	use:	0.118000	sec.
nude (31).jpg NSFW	:	0.98077363	use:	0.123000	sec.
nude (32).jpg NSFW	:	0.98077363	use:	0.121000	sec.
nude (33).jpg NSFW	:	0.99425995	use:	0.120000	sec.
nude (34).jpg NSFW	:	0.99753392	use:	0.134000	sec.
nude (35).jpg NSFW	:	0.99700886	use:	0.133000	sec.
nude (36).jpg NSFW	:	0.12328684	use:	0.119000	sec.
nude (37).jpg NSFW	:	0.93845969	use:	0.119000	sec.
nude (38).jpg NSFW	:	0.40120810	use:	0.115000	sec.
nude (39).jpg NSFW	:	0.90100908	use:	0.121000	sec.
nude (4).jpg NSFW	:	0.99700648	use:	0.113000	sec.
nude (40).jpg NSFW	:	0.98994094	use:	0.116000	sec.
nude (41).jpg NSFW	:	0.97617787	use:	0.125000	sec.
nude (42).jpg NSFW	:	0.99995756	use:	0.127000	sec.
nude (43).jpg NSFW	:	0.99860543	use:	0.121000	sec.
nude (44).jpg NSFW	:	0.99949372	use:	0.126000	sec.
nude (45).jpg NSFW	:	0.99982893	use:	0.115000	sec.
nude (46).jpg NSFW	:	0.74720532	use:	0.122000	sec.
nude (47).jpg NSFW	:	0.99171501	use:	0.121000	sec.
nude (48).jpg NSFW	:	0.99762517	use:	0.120000	sec.
nude (49).jpg NSFW	:	0.99629188	use:	0.119000	sec.
nude (5).jpg NSFW	:	0.82167417	use:	0.124000	sec.
nude (50).jpg NSFW	:	0.37568611	use:	0.121000	sec.
nude (51).jpg NSFW	:	0.99875546	use:	0.112000	sec.
nude (52).jpg NSFW	:	0.99966848	use:	0.111000	sec.
nude (53).jpg NSFW	:	0.99813485	use:	0.121000	sec.
nude (54).jpg NSFW	:	0.99912220	use:	0.116000	sec.
nude (55).jpg NSFW	:	0.92187470	use:	0.122000	sec.
nude (56).jpg NSFW	:	0.99991989	use:	0.119000	sec.
nude (57).jpg NSFW	:	0.96488887	use:	0.124000	sec.
nude (58).jpg NSFW	:	0.99944276	use:	0.112000	sec.
nude (59).jpg NSFW	:	0.99032038	use:	0.117000	sec.
nude (6).jpg NSFW	:	0.97152901	use:	0.119000	sec.
nude (60).jpg NSFW	:	0.99032038	use:	0.122000	sec.
nude (61).jpg NSFW	:	0.55050236	use:	0.123000	sec.
nude (62).jpg NSFW	:	0.99892431	use:	0.117000	sec.
nude (63).jpg NSFW	:	0.99905771	use:	0.116000	sec.
nude (64).jpg NSFW	:	0.99974054	use:	0.127000	sec.
nude (65).jpg NSFW	:	0.61779314	use:	0.121000	sec.
nude (66).jpg NSFW	:	0.99023950	use:	0.118000	sec.
nude (67).jpg NSFW	:	0.99979311	use:	0.114000	sec.
nude (68).jpg NSFW	:	0.99993658	use:	0.133000	sec.
nude (69).jpg NSFW	:	0.96361202	use:	0.125000	sec.
nude (7).jpg NSFW	:	0.99989128	use:	0.111000	sec.
nude (70).jpg NSFW	:	0.99680662	use:	0.114000	sec.
nude (71).jpg NSFW	:	0.98341668	use:	0.119000	sec.
nude (72).jpg NSFW	:	0.99866259	use:	0.121000	sec.
nude (73).jpg NSFW	:	0.90198523	use:	0.118000	sec.
nude (74).jpg NSFW	:	0.98804420	use:	0.118000	sec.
nude (75).jpg NSFW	:	0.99975735	use:	0.113000	sec.
nude (76).jpg NSFW	:	0.99826837	use:	0.117000	sec.
nude (77).jpg NSFW	:	0.98212081	use:	0.117000	sec.
nude (78).jpg NSFW	:	0.98934734	use:	0.115000	sec.
nude (79).jpg NSFW	:	0.99817753	use:	0.122000	sec.
nude (8).jpg NSFW	:	0.99999809	use:	0.126000	sec.
nude (9).jpg NSFW	:	0.99767250	use:	0.116000	sec.

Process finished with exit code 0
