E:\Environment\Anaconda2\python.exe "C:/Users/zg13/OneDrive/`13 的文档/My Code/Github/minitrill/VideoAuidt/classify_nude.py"
beauty (1).jpg 	result	:	True	used	:	3.586000
beauty (10).jpg 	result	:	True	used	:	13.832000
beauty (11).jpg 	result	:	True	used	:	5.706000
beauty (12).jpg 	result	:	True	used	:	4.159000
beauty (13).jpg 	result	:	True	used	:	1.897000
beauty (14).jpg 	result	:	True	used	:	2.174000
beauty (15).jpg 	result	:	True	used	:	4.224000
beauty (16).jpg 	result	:	False	used	:	1.627000
beauty (17).jpg 	result	:	True	used	:	5.222000
beauty (18).jpg 	result	:	True	used	:	1.505000
beauty (19).jpg 	result	:	False	used	:	5.557000
beauty (2).jpg 	result	:	False	used	:	11.098000
beauty (20).jpg 	result	:	True	used	:	3.469000
beauty (21).jpg 	result	:	True	used	:	2.118000
beauty (22).jpg 	result	:	False	used	:	8.438000
beauty (3).jpg 	result	:	False	used	:	1.245000
beauty (4).jpg 	result	:	False	used	:	1.385000
beauty (5).jpg 	result	:	True	used	:	3.104000
beauty (6).jpg 	result	:	True	used	:	7.144000
beauty (7).jpg 	result	:	True	used	:	20.005000
beauty (8).jpg 	result	:	False	used	:	0.467000
beauty (9).jpg 	result	:	False	used	:	6.409000
noraml (1).jpeg 	result	:	False	used	:	1.841000
noraml (1).jpg 	result	:	True	used	:	1.893000
noraml (1).png 	result	:	False	used	:	2.444000
noraml (10).jpg 	result	:	False	used	:	1.120000
noraml (11).jpg 	result	:	False	used	:	0.598000
noraml (12).jpg 	result	:	False	used	:	1.502000
noraml (13).jpg 	result	:	False	used	:	0.697000
noraml (14).jpg 	result	:	False	used	:	0.778000
noraml (15).jpg 	result	:	False	used	:	0.578000
noraml (16).jpg 	result	:	False	used	:	1.066000
noraml (17).jpg 	result	:	False	used	:	0.288000
noraml (18).jpg 	result	:	False	used	:	0.551000
noraml (19).jpg 	result	:	False	used	:	0.173000
noraml (2).jpg 	result	:	False	used	:	1.216000
noraml (20).jpg 	result	:	False	used	:	0.197000
noraml (21).jpg 	result	:	True	used	:	0.392000
noraml (22).jpg 	result	:	False	used	:	17.996000
noraml (23).jpg 	result	:	False	used	:	3.829000
noraml (24).jpg 	result	:	False	used	:	1.876000
noraml (25).jpg 	result	:	True	used	:	41.364000
noraml (26).jpg 	result	:	False	used	:	12.251000
noraml (27).jpg 	result	:	False	used	:	3.558000
noraml (28).jpg 	result	:	False	used	:	6.108000
noraml (29).jpg 	result	:	False	used	:	3.285000
noraml (3).jpg 	result	:	False	used	:	0.626000
noraml (30).jpg 	result	:	False	used	:	8.226000
noraml (31).jpg 	result	:	False	used	:	1.959000
noraml (32).jpg 	result	:	False	used	:	13.465000
noraml (33).jpg 	result	:	False	used	:	10.077000
noraml (34).jpg 	result	:	False	used	:	2.204000
noraml (35).jpg 	result	:	False	used	:	2.804000
noraml (36).jpg 	result	:	False	used	:	5.098000
noraml (37).jpg 	result	:	False	used	:	2.599000
noraml (38).jpg 	result	:	False	used	:	6.065000
noraml (39).jpg 	result	:	False	used	:	3.174000
noraml (4).jpg 	result	:	False	used	:	0.892000
noraml (40).jpg 	result	:	False	used	:	3.354000
noraml (41).jpg 	result	:	False	used	:	2.090000
noraml (42).jpg 	result	:	False	used	:	2.032000
noraml (43).jpg 	result	:	False	used	:	7.558000
noraml (44).jpg 	result	:	False	used	:	4.663000
noraml (45).jpg 	result	:	False	used	:	3.831000
noraml (46).jpg 	result	:	False	used	:	2.163000
noraml (47).jpg 	result	:	False	used	:	2.834000
noraml (48).jpg 	result	:	False	used	:	1.963000
noraml (49).jpg 	result	:	False	used	:	1.896000
noraml (5).jpg 	result	:	False	used	:	15.457000
noraml (50).jpg 	result	:	False	used	:	1.849000
noraml (51).jpg 	result	:	False	used	:	2.104000
noraml (52).jpg 	result	:	False	used	:	2.118000
noraml (53).jpg 	result	:	False	used	:	1.864000
noraml (54).jpg 	result	:	False	used	:	2.431000
noraml (55).jpg 	result	:	False	used	:	1.836000
noraml (56).jpg 	result	:	False	used	:	2.392000
noraml (57).jpg 	result	:	False	used	:	1.996000
noraml (58).jpg 	result	:	True	used	:	10.374000
noraml (59).jpg 	result	:	False	used	:	3.205000
noraml (6).jpg 	result	:	True	used	:	3.474000
noraml (60).jpg 	result	:	False	used	:	1.969000
noraml (61).jpg 	result	:	False	used	:	2.070000
noraml (62).jpg 	result	:	False	used	:	1.993000
noraml (63).jpg 	result	:	False	used	:	3.470000
noraml (64).jpg 	result	:	False	used	:	2.062000
noraml (65).jpg 	result	:	False	used	:	2.836000
noraml (66).jpg 	result	:	False	used	:	19.414000
noraml (67).jpg 	result	:	False	used	:	3.021000
noraml (68).jpg 	result	:	False	used	:	53.693000
noraml (69).jpg 	result	:	False	used	:	40.642000
noraml (7).jpg 	result	:	False	used	:	1.431000
noraml (70).jpg 	result	:	True	used	:	3.228000
noraml (71).jpg 	result	:	False	used	:	10.428000
noraml (72).jpg 	result	:	False	used	:	5.914000
noraml (73).jpg 	result	:	False	used	:	15.449000
noraml (74).jpg 	result	:	False	used	:	9.096000
noraml (75).jpg 	result	:	False	used	:	18.844000
noraml (76).jpg 	result	:	True	used	:	14.503000
noraml (77).jpg 	result	:	False	used	:	12.916000
noraml (78).jpg 	result	:	True	used	:	19.396000
noraml (79).jpg 	result	:	False	used	:	3.309000
noraml (8).jpg 	result	:	False	used	:	1.617000
noraml (9).jpg 	result	:	False	used	:	0.812000
nude (1).jpg 	result	:	True	used	:	2.151000
nude (10).jpg 	result	:	False	used	:	0.749000
nude (11).jpg 	result	:	True	used	:	0.786000
nude (12).jpg 	result	:	True	used	:	1.112000
nude (13).jpg 	result	:	True	used	:	2.302000
nude (14).jpg 	result	:	True	used	:	0.992000
nude (15).jpg 	result	:	False	used	:	2.385000
nude (16).jpg 	result	:	True	used	:	1.293000
nude (17).jpg 	result	:	False	used	:	0.995000
nude (18).jpg 	result	:	True	used	:	1.101000
nude (19).jpg 	result	:	True	used	:	2.125000
nude (2).jpg 	result	:	True	used	:	4.186000
nude (20).jpg 	result	:	True	used	:	2.052000
nude (21).jpg 	result	:	True	used	:	3.861000
nude (22).jpg 	result	:	True	used	:	0.789000
nude (23).jpg 	result	:	False	used	:	1.357000
nude (24).jpg 	result	:	True	used	:	1.988000
nude (25).jpg 	result	:	True	used	:	4.092000
nude (26).jpg 	result	:	True	used	:	1.886000
nude (27).jpg 	result	:	True	used	:	1.551000
nude (28).jpg 	result	:	True	used	:	1.989000
nude (29).jpg 	result	:	True	used	:	1.340000
nude (3).jpg 	result	:	True	used	:	3.110000
nude (30).jpg 	result	:	False	used	:	0.327000
nude (31).jpg 	result	:	True	used	:	2.225000
nude (32).jpg 	result	:	True	used	:	3.798000
nude (33).jpg 	result	:	True	used	:	2.132000
nude (34).jpg 	result	:	True	used	:	0.970000
nude (35).jpg 	result	:	True	used	:	0.530000
nude (36).jpg 	result	:	True	used	:	1.807000
nude (37).jpg 	result	:	True	used	:	1.225000
nude (38).jpg 	result	:	True	used	:	0.598000
nude (39).jpg 	result	:	True	used	:	0.719000
nude (4).jpg 	result	:	False	used	:	2.078000
nude (40).jpg 	result	:	True	used	:	1.552000
nude (41).jpg 	result	:	True	used	:	1.187000
nude (42).jpg 	result	:	True	used	:	0.792000
nude (43).jpg 	result	:	True	used	:	1.082000
nude (44).jpg 	result	:	True	used	:	1.222000
nude (45).jpg 	result	:	False	used	:	0.724000
nude (46).jpg 	result	:	True	used	:	0.823000
nude (47).jpg 	result	:	True	used	:	5.011000
nude (48).jpg 	result	:	True	used	:	1.586000
nude (49).jpg 	result	:	False	used	:	7.140000
nude (5).jpg 	result	:	False	used	:	1.563000
nude (6).jpg 	result	:	True	used	:	2.454000
nude (7).jpg 	result	:	True	used	:	3.298000
nude (8).jpg 	result	:	True	used	:	1.415000
nude (9).jpg 	result	:	True	used	:	3.528000

Process finished with exit code 0
